Compiled application.js  (8ms)  (pid 1741)
Compiled jquery.js  (2ms)  (pid 1741)
Compiled jquery_ujs.js  (0ms)  (pid 1741)
Compiled add_feedback_box.js  (0ms)  (pid 1741)
Compiled bookmark-bubble.js  (0ms)  (pid 1741)
Compiled core.js  (0ms)  (pid 1741)
Compiled customisation-settings.js  (0ms)  (pid 1741)
Compiled devolution.js  (0ms)  (pid 1741)
Compiled feedback.js  (0ms)  (pid 1741)
Compiled geo-locator.js  (0ms)  (pid 1741)
Compiled home-customisation.js  (0ms)  (pid 1741)
Compiled html5.js  (0ms)  (pid 1741)
Compiled jquery.history.js  (0ms)  (pid 1741)
Compiled jquery.tabs.js  (0ms)  (pid 1741)
Compiled libs/jquery/jquery-1.6.2.min.js  (1ms)  (pid 1741)
Compiled libs/jquery/jquery-ui-1.8.16.custom.min.js  (0ms)  (pid 1741)
Compiled libs/jquery/jquery_ujs.js  (0ms)  (pid 1741)
Compiled libs/jquery/plugins/jquery.base64.js  (0ms)  (pid 1741)
Compiled libs/jquery/plugins/jquery.mustache.js  (0ms)  (pid 1741)
Compiled media-player/jquery.loader.js  (0ms)  (pid 1741)
Compiled media-player/jquery.player.js  (0ms)  (pid 1741)
Compiled media-player/jquery.player.min.js  (0ms)  (pid 1741)
Compiled media-player/swfobject/swfobject.js  (0ms)  (pid 1741)
Compiled planner-calendar.js  (0ms)  (pid 1741)
Compiled popup.js  (0ms)  (pid 1741)
Compiled programmes.js  (0ms)  (pid 1741)
Compiled publisher-tabs.js  (0ms)  (pid 1741)
Compiled recently-viewed.js  (0ms)  (pid 1741)
Compiled search.js  (0ms)  (pid 1741)
Compiled selectivizr-min.js  (0ms)  (pid 1741)
Compiled trackers/answer.js  (0ms)  (pid 1741)
Compiled trackers/benefit.js  (0ms)  (pid 1741)
Compiled trackers/findmynearest.js  (0ms)  (pid 1741)
Compiled trackers/guide.js  (0ms)  (pid 1741)
Compiled trackers/local-transaction.js  (0ms)  (pid 1741)
Compiled trackers/transaction.js  (0ms)  (pid 1741)
Compiled application.css  (6ms)  (pid 1741)
Compiled accessibility.css  (0ms)  (pid 1741)
Compiled admin/jquery-ui-1.8.14.css  (0ms)  (pid 1741)
Compiled admin/jquery-ui-1.8.16.custom.css  (0ms)  (pid 1741)
Compiled core-admin.css  (0ms)  (pid 1741)
Compiled core-print.css  (0ms)  (pid 1741)
Compiled core.css  (0ms)  (pid 1741)
Compiled dyslexic.css  (0ms)  (pid 1741)
Compiled formtastic.css  (0ms)  (pid 1741)
Compiled formtastic_changes.css  (0ms)  (pid 1741)
Compiled header-footer.css  (0ms)  (pid 1741)
Compiled high-contrast.css  (0ms)  (pid 1741)
Compiled media-player/player-core.css  (0ms)  (pid 1741)
Compiled media-player/player-core.min.css  (0ms)  (pid 1741)
Compiled media-player/player-theme.css  (0ms)  (pid 1741)
Compiled media-player/player-theme.min.css  (0ms)  (pid 1741)
Compiled normalize.css  (0ms)  (pid 1741)
Compiled publisher.css  (0ms)  (pid 1741)
Compiled search.css  (0ms)  (pid 1741)
Compiled static-pages/error-pages.css  (0ms)  (pid 1741)
Compiled static-pages/help-pages.css  (0ms)  (pid 1741)
Compiled static-pages/homepage.css  (0ms)  (pid 1741)
Compiled static-pages/platform-pages.css  (0ms)  (pid 1741)
Compiled text.css  (24ms)  (pid 1741)
Compiled application.js  (8ms)  (pid 1727)
Compiled jquery.js  (2ms)  (pid 1727)
Compiled jquery_ujs.js  (0ms)  (pid 1727)
Compiled add_feedback_box.js  (0ms)  (pid 1727)
Compiled bookmark-bubble.js  (0ms)  (pid 1727)
Compiled core.js  (0ms)  (pid 1727)
Compiled customisation-settings.js  (0ms)  (pid 1727)
Compiled devolution.js  (0ms)  (pid 1727)
Compiled feedback.js  (0ms)  (pid 1727)
Compiled geo-locator.js  (0ms)  (pid 1727)
Compiled home-customisation.js  (0ms)  (pid 1727)
Compiled html5.js  (0ms)  (pid 1727)
Compiled jquery.history.js  (0ms)  (pid 1727)
Compiled jquery.tabs.js  (0ms)  (pid 1727)
Compiled libs/jquery/jquery-1.6.2.min.js  (1ms)  (pid 1727)
Compiled libs/jquery/jquery-ui-1.8.16.custom.min.js  (0ms)  (pid 1727)
Compiled libs/jquery/jquery_ujs.js  (0ms)  (pid 1727)
Compiled libs/jquery/plugins/jquery.base64.js  (0ms)  (pid 1727)
Compiled libs/jquery/plugins/jquery.mustache.js  (0ms)  (pid 1727)
Compiled media-player/jquery.loader.js  (0ms)  (pid 1727)
Compiled media-player/jquery.player.js  (0ms)  (pid 1727)
Compiled media-player/jquery.player.min.js  (0ms)  (pid 1727)
Compiled media-player/swfobject/swfobject.js  (0ms)  (pid 1727)
Compiled planner-calendar.js  (0ms)  (pid 1727)
Compiled popup.js  (0ms)  (pid 1727)
Compiled programmes.js  (0ms)  (pid 1727)
Compiled publisher-tabs.js  (0ms)  (pid 1727)
Compiled recently-viewed.js  (0ms)  (pid 1727)
Compiled search.js  (0ms)  (pid 1727)
Compiled selectivizr-min.js  (0ms)  (pid 1727)
Compiled trackers/answer.js  (0ms)  (pid 1727)
Compiled trackers/benefit.js  (0ms)  (pid 1727)
Compiled trackers/findmynearest.js  (0ms)  (pid 1727)
Compiled trackers/guide.js  (0ms)  (pid 1727)
Compiled trackers/local-transaction.js  (0ms)  (pid 1727)
Compiled trackers/transaction.js  (0ms)  (pid 1727)
Compiled application.css  (6ms)  (pid 1727)
Compiled accessibility.css  (0ms)  (pid 1727)
Compiled admin/jquery-ui-1.8.14.css  (0ms)  (pid 1727)
Compiled admin/jquery-ui-1.8.16.custom.css  (0ms)  (pid 1727)
Compiled core-admin.css  (0ms)  (pid 1727)
Compiled core-print.css  (0ms)  (pid 1727)
Compiled core.css  (0ms)  (pid 1727)
Compiled dyslexic.css  (0ms)  (pid 1727)
Compiled formtastic.css  (0ms)  (pid 1727)
Compiled formtastic_changes.css  (0ms)  (pid 1727)
Compiled header-footer.css  (0ms)  (pid 1727)
Compiled high-contrast.css  (0ms)  (pid 1727)
Compiled media-player/player-core.css  (0ms)  (pid 1727)
Compiled media-player/player-core.min.css  (0ms)  (pid 1727)
Compiled media-player/player-theme.css  (0ms)  (pid 1727)
Compiled media-player/player-theme.min.css  (0ms)  (pid 1727)
Compiled normalize.css  (0ms)  (pid 1727)
Compiled publisher.css  (0ms)  (pid 1727)
Compiled search.css  (0ms)  (pid 1727)
Compiled static-pages/error-pages.css  (0ms)  (pid 1727)
Compiled static-pages/help-pages.css  (0ms)  (pid 1727)
Compiled static-pages/homepage.css  (0ms)  (pid 1727)
Compiled static-pages/platform-pages.css  (0ms)  (pid 1727)
Compiled text.css  (0ms)  (pid 1727)
Compiled application.js  (7ms)  (pid 12020)
Compiled add_feedback_box.js  (0ms)  (pid 12020)
Compiled bookmark-bubble.js  (0ms)  (pid 12020)
Compiled core.js  (0ms)  (pid 12020)
Compiled customisation-settings.js  (0ms)  (pid 12020)
Compiled devolution.js  (0ms)  (pid 12020)
Compiled feedback.js  (0ms)  (pid 12020)
Compiled geo-locator.js  (0ms)  (pid 12020)
Compiled home-customisation.js  (0ms)  (pid 12020)
Compiled html5.js  (0ms)  (pid 12020)
Compiled jquery.history.js  (0ms)  (pid 12020)
Compiled jquery.tabs.js  (0ms)  (pid 12020)
Compiled libs/jquery/jquery-1.6.2.min.js  (1ms)  (pid 12020)
Compiled libs/jquery/jquery-ui-1.8.16.custom.min.js  (0ms)  (pid 12020)
Compiled libs/jquery/jquery_ujs.js  (0ms)  (pid 12020)
Compiled libs/jquery/plugins/jquery.base64.js  (0ms)  (pid 12020)
Compiled libs/jquery/plugins/jquery.mustache.js  (0ms)  (pid 12020)
Compiled media-player/jquery.loader.js  (0ms)  (pid 12020)
Compiled media-player/jquery.player.js  (0ms)  (pid 12020)
Compiled media-player/jquery.player.min.js  (0ms)  (pid 12020)
Compiled media-player/swfobject/swfobject.js  (0ms)  (pid 12020)
Compiled planner-calendar.js  (0ms)  (pid 12020)
Compiled popup.js  (0ms)  (pid 12020)
Compiled programmes.js  (0ms)  (pid 12020)
Compiled publisher-tabs.js  (0ms)  (pid 12020)
Compiled recently-viewed.js  (0ms)  (pid 12020)
Compiled search.js  (0ms)  (pid 12020)
Compiled selectivizr-min.js  (0ms)  (pid 12020)
Compiled trackers/answer.js  (0ms)  (pid 12020)
Compiled trackers/benefit.js  (0ms)  (pid 12020)
Compiled trackers/findmynearest.js  (0ms)  (pid 12020)
Compiled trackers/guide.js  (0ms)  (pid 12020)
Compiled trackers/local-transaction.js  (0ms)  (pid 12020)
Compiled trackers/transaction.js  (0ms)  (pid 12020)
Compiled application.css  (6ms)  (pid 12020)
Compiled accessibility.css  (0ms)  (pid 12020)
Compiled admin/jquery-ui-1.8.14.css  (0ms)  (pid 12020)
Compiled admin/jquery-ui-1.8.16.custom.css  (0ms)  (pid 12020)
Compiled core-admin.css  (0ms)  (pid 12020)
Compiled core-print.css  (0ms)  (pid 12020)
Compiled core.css  (0ms)  (pid 12020)
Compiled dyslexic.css  (0ms)  (pid 12020)
Compiled formtastic.css  (0ms)  (pid 12020)
Compiled formtastic_changes.css  (0ms)  (pid 12020)
Compiled header-footer.css  (0ms)  (pid 12020)
Compiled high-contrast.css  (0ms)  (pid 12020)
Compiled media-player/player-core.css  (0ms)  (pid 12020)
Compiled media-player/player-core.min.css  (0ms)  (pid 12020)
Compiled media-player/player-theme.css  (0ms)  (pid 12020)
Compiled media-player/player-theme.min.css  (0ms)  (pid 12020)
Compiled normalize.css  (0ms)  (pid 12020)
Compiled publisher.css  (0ms)  (pid 12020)
Compiled search.css  (0ms)  (pid 12020)
Compiled static-pages/error-pages.css  (0ms)  (pid 12020)
Compiled static-pages/help-pages.css  (0ms)  (pid 12020)
Compiled static-pages/homepage.css  (0ms)  (pid 12020)
Compiled static-pages/platform-pages.css  (0ms)  (pid 12020)
Compiled text.css  (0ms)  (pid 12020)
Compiled application.js  (7ms)  (pid 12006)
Compiled add_feedback_box.js  (0ms)  (pid 12006)
Compiled bookmark-bubble.js  (0ms)  (pid 12006)
Compiled core.js  (0ms)  (pid 12006)
Compiled customisation-settings.js  (0ms)  (pid 12006)
Compiled devolution.js  (0ms)  (pid 12006)
Compiled feedback.js  (0ms)  (pid 12006)
Compiled geo-locator.js  (0ms)  (pid 12006)
Compiled home-customisation.js  (0ms)  (pid 12006)
Compiled html5.js  (0ms)  (pid 12006)
Compiled jquery.history.js  (0ms)  (pid 12006)
Compiled jquery.tabs.js  (0ms)  (pid 12006)
Compiled libs/jquery/jquery-1.6.2.min.js  (1ms)  (pid 12006)
Compiled libs/jquery/jquery-ui-1.8.16.custom.min.js  (1ms)  (pid 12006)
Compiled libs/jquery/jquery_ujs.js  (0ms)  (pid 12006)
Compiled libs/jquery/plugins/jquery.base64.js  (0ms)  (pid 12006)
Compiled libs/jquery/plugins/jquery.mustache.js  (0ms)  (pid 12006)
Compiled media-player/jquery.loader.js  (0ms)  (pid 12006)
Compiled media-player/jquery.player.js  (0ms)  (pid 12006)
Compiled media-player/jquery.player.min.js  (0ms)  (pid 12006)
Compiled media-player/swfobject/swfobject.js  (0ms)  (pid 12006)
Compiled planner-calendar.js  (0ms)  (pid 12006)
Compiled popup.js  (0ms)  (pid 12006)
Compiled programmes.js  (0ms)  (pid 12006)
Compiled publisher-tabs.js  (0ms)  (pid 12006)
Compiled recently-viewed.js  (0ms)  (pid 12006)
Compiled search.js  (0ms)  (pid 12006)
Compiled selectivizr-min.js  (0ms)  (pid 12006)
Compiled trackers/answer.js  (0ms)  (pid 12006)
Compiled trackers/benefit.js  (0ms)  (pid 12006)
Compiled trackers/findmynearest.js  (0ms)  (pid 12006)
Compiled trackers/guide.js  (0ms)  (pid 12006)
Compiled trackers/local-transaction.js  (0ms)  (pid 12006)
Compiled trackers/transaction.js  (0ms)  (pid 12006)
Compiled application.css  (6ms)  (pid 12006)
Compiled accessibility.css  (0ms)  (pid 12006)
Compiled admin/jquery-ui-1.8.14.css  (0ms)  (pid 12006)
Compiled admin/jquery-ui-1.8.16.custom.css  (0ms)  (pid 12006)
Compiled core-admin.css  (0ms)  (pid 12006)
Compiled core-print.css  (0ms)  (pid 12006)
Compiled core.css  (0ms)  (pid 12006)
Compiled dyslexic.css  (0ms)  (pid 12006)
Compiled formtastic.css  (0ms)  (pid 12006)
Compiled formtastic_changes.css  (0ms)  (pid 12006)
Compiled header-footer.css  (0ms)  (pid 12006)
Compiled high-contrast.css  (0ms)  (pid 12006)
Compiled media-player/player-core.css  (0ms)  (pid 12006)
Compiled media-player/player-core.min.css  (0ms)  (pid 12006)
Compiled media-player/player-theme.css  (0ms)  (pid 12006)
Compiled media-player/player-theme.min.css  (0ms)  (pid 12006)
Compiled normalize.css  (0ms)  (pid 12006)
Compiled publisher.css  (0ms)  (pid 12006)
Compiled search.css  (0ms)  (pid 12006)
Compiled static-pages/error-pages.css  (0ms)  (pid 12006)
Compiled static-pages/help-pages.css  (0ms)  (pid 12006)
Compiled static-pages/homepage.css  (0ms)  (pid 12006)
Compiled static-pages/platform-pages.css  (0ms)  (pid 12006)
Compiled text.css  (0ms)  (pid 12006)
Compiled application.js  (7ms)  (pid 12130)
Compiled add_feedback_box.js  (0ms)  (pid 12130)
Compiled bookmark-bubble.js  (0ms)  (pid 12130)
Compiled core.js  (0ms)  (pid 12130)
Compiled customisation-settings.js  (0ms)  (pid 12130)
Compiled devolution.js  (0ms)  (pid 12130)
Compiled feedback.js  (0ms)  (pid 12130)
Compiled geo-locator.js  (0ms)  (pid 12130)
Compiled home-customisation.js  (0ms)  (pid 12130)
Compiled html5.js  (0ms)  (pid 12130)
Compiled jquery.history.js  (0ms)  (pid 12130)
Compiled jquery.tabs.js  (0ms)  (pid 12130)
Compiled libs/jquery/jquery-1.6.2.min.js  (1ms)  (pid 12130)
Compiled libs/jquery/jquery-ui-1.8.16.custom.min.js  (0ms)  (pid 12130)
Compiled libs/jquery/jquery_ujs.js  (0ms)  (pid 12130)
Compiled libs/jquery/plugins/jquery.base64.js  (0ms)  (pid 12130)
Compiled libs/jquery/plugins/jquery.mustache.js  (0ms)  (pid 12130)
Compiled media-player/jquery.loader.js  (0ms)  (pid 12130)
Compiled media-player/jquery.player.js  (0ms)  (pid 12130)
Compiled media-player/jquery.player.min.js  (0ms)  (pid 12130)
Compiled media-player/swfobject/swfobject.js  (0ms)  (pid 12130)
Compiled planner-calendar.js  (0ms)  (pid 12130)
Compiled popup.js  (0ms)  (pid 12130)
Compiled programmes.js  (0ms)  (pid 12130)
Compiled publisher-tabs.js  (0ms)  (pid 12130)
Compiled recently-viewed.js  (0ms)  (pid 12130)
Compiled search.js  (0ms)  (pid 12130)
Compiled selectivizr-min.js  (0ms)  (pid 12130)
Compiled trackers/answer.js  (0ms)  (pid 12130)
Compiled trackers/benefit.js  (0ms)  (pid 12130)
Compiled trackers/findmynearest.js  (0ms)  (pid 12130)
Compiled trackers/guide.js  (0ms)  (pid 12130)
Compiled trackers/local-transaction.js  (0ms)  (pid 12130)
Compiled trackers/transaction.js  (0ms)  (pid 12130)
Compiled application.css  (6ms)  (pid 12130)
Compiled accessibility.css  (0ms)  (pid 12130)
Compiled admin/jquery-ui-1.8.14.css  (0ms)  (pid 12130)
Compiled admin/jquery-ui-1.8.16.custom.css  (0ms)  (pid 12130)
Compiled core-admin.css  (0ms)  (pid 12130)
Compiled core-print.css  (0ms)  (pid 12130)
Compiled core.css  (0ms)  (pid 12130)
Compiled dyslexic.css  (0ms)  (pid 12130)
Compiled formtastic.css  (0ms)  (pid 12130)
Compiled formtastic_changes.css  (0ms)  (pid 12130)
Compiled header-footer.css  (0ms)  (pid 12130)
Compiled high-contrast.css  (0ms)  (pid 12130)
Compiled media-player/player-core.css  (0ms)  (pid 12130)
Compiled media-player/player-core.min.css  (0ms)  (pid 12130)
Compiled media-player/player-theme.css  (0ms)  (pid 12130)
Compiled media-player/player-theme.min.css  (0ms)  (pid 12130)
Compiled normalize.css  (0ms)  (pid 12130)
Compiled publisher.css  (0ms)  (pid 12130)
Compiled search.css  (0ms)  (pid 12130)
Compiled static-pages/error-pages.css  (0ms)  (pid 12130)
Compiled static-pages/help-pages.css  (0ms)  (pid 12130)
Compiled static-pages/homepage.css  (0ms)  (pid 12130)
Compiled static-pages/platform-pages.css  (0ms)  (pid 12130)
Compiled text.css  (0ms)  (pid 12130)
Compiled application.js  (7ms)  (pid 12116)
Compiled add_feedback_box.js  (0ms)  (pid 12116)
Compiled bookmark-bubble.js  (0ms)  (pid 12116)
Compiled core.js  (0ms)  (pid 12116)
Compiled customisation-settings.js  (0ms)  (pid 12116)
Compiled devolution.js  (0ms)  (pid 12116)
Compiled feedback.js  (0ms)  (pid 12116)
Compiled geo-locator.js  (0ms)  (pid 12116)
Compiled home-customisation.js  (0ms)  (pid 12116)
Compiled html5.js  (0ms)  (pid 12116)
Compiled jquery.history.js  (0ms)  (pid 12116)
Compiled jquery.tabs.js  (0ms)  (pid 12116)
Compiled libs/jquery/jquery-1.6.2.min.js  (1ms)  (pid 12116)
Compiled libs/jquery/jquery-ui-1.8.16.custom.min.js  (0ms)  (pid 12116)
Compiled libs/jquery/jquery_ujs.js  (0ms)  (pid 12116)
Compiled libs/jquery/plugins/jquery.base64.js  (0ms)  (pid 12116)
Compiled libs/jquery/plugins/jquery.mustache.js  (0ms)  (pid 12116)
Compiled media-player/jquery.loader.js  (0ms)  (pid 12116)
Compiled media-player/jquery.player.js  (0ms)  (pid 12116)
Compiled media-player/jquery.player.min.js  (0ms)  (pid 12116)
Compiled media-player/swfobject/swfobject.js  (0ms)  (pid 12116)
Compiled planner-calendar.js  (0ms)  (pid 12116)
Compiled popup.js  (0ms)  (pid 12116)
Compiled programmes.js  (0ms)  (pid 12116)
Compiled publisher-tabs.js  (0ms)  (pid 12116)
Compiled recently-viewed.js  (0ms)  (pid 12116)
Compiled search.js  (0ms)  (pid 12116)
Compiled selectivizr-min.js  (0ms)  (pid 12116)
Compiled trackers/answer.js  (0ms)  (pid 12116)
Compiled trackers/benefit.js  (0ms)  (pid 12116)
Compiled trackers/findmynearest.js  (0ms)  (pid 12116)
Compiled trackers/guide.js  (0ms)  (pid 12116)
Compiled trackers/local-transaction.js  (0ms)  (pid 12116)
Compiled trackers/transaction.js  (0ms)  (pid 12116)
Compiled application.css  (7ms)  (pid 12116)
Compiled accessibility.css  (0ms)  (pid 12116)
Compiled admin/jquery-ui-1.8.14.css  (0ms)  (pid 12116)
Compiled admin/jquery-ui-1.8.16.custom.css  (0ms)  (pid 12116)
Compiled core-admin.css  (0ms)  (pid 12116)
Compiled core-print.css  (0ms)  (pid 12116)
Compiled core.css  (0ms)  (pid 12116)
Compiled dyslexic.css  (0ms)  (pid 12116)
Compiled formtastic.css  (0ms)  (pid 12116)
Compiled formtastic_changes.css  (0ms)  (pid 12116)
Compiled header-footer.css  (0ms)  (pid 12116)
Compiled high-contrast.css  (0ms)  (pid 12116)
Compiled media-player/player-core.css  (0ms)  (pid 12116)
Compiled media-player/player-core.min.css  (0ms)  (pid 12116)
Compiled media-player/player-theme.css  (0ms)  (pid 12116)
Compiled media-player/player-theme.min.css  (0ms)  (pid 12116)
Compiled normalize.css  (0ms)  (pid 12116)
Compiled publisher.css  (0ms)  (pid 12116)
Compiled search.css  (0ms)  (pid 12116)
Compiled static-pages/error-pages.css  (0ms)  (pid 12116)
Compiled static-pages/help-pages.css  (0ms)  (pid 12116)
Compiled static-pages/homepage.css  (0ms)  (pid 12116)
Compiled static-pages/platform-pages.css  (0ms)  (pid 12116)
Compiled text.css  (0ms)  (pid 12116)
Compiled application.js  (6ms)  (pid 12252)
Compiled add_feedback_box.js  (0ms)  (pid 12252)
Compiled bookmark-bubble.js  (0ms)  (pid 12252)
Compiled core.js  (0ms)  (pid 12252)
Compiled customisation-settings.js  (0ms)  (pid 12252)
Compiled devolution.js  (0ms)  (pid 12252)
Compiled feedback.js  (0ms)  (pid 12252)
Compiled geo-locator.js  (0ms)  (pid 12252)
Compiled home-customisation.js  (0ms)  (pid 12252)
Compiled html5.js  (0ms)  (pid 12252)
Compiled jquery.history.js  (0ms)  (pid 12252)
Compiled jquery.tabs.js  (0ms)  (pid 12252)
Compiled libs/jquery/jquery-1.6.2.min.js  (1ms)  (pid 12252)
Compiled libs/jquery/jquery-ui-1.8.16.custom.min.js  (0ms)  (pid 12252)
Compiled libs/jquery/jquery_ujs.js  (0ms)  (pid 12252)
Compiled libs/jquery/plugins/jquery.base64.js  (0ms)  (pid 12252)
Compiled libs/jquery/plugins/jquery.mustache.js  (0ms)  (pid 12252)
Compiled media-player/jquery.loader.js  (0ms)  (pid 12252)
Compiled media-player/jquery.player.js  (0ms)  (pid 12252)
Compiled media-player/jquery.player.min.js  (0ms)  (pid 12252)
Compiled media-player/swfobject/swfobject.js  (0ms)  (pid 12252)
Compiled planner-calendar.js  (0ms)  (pid 12252)
Compiled popup.js  (0ms)  (pid 12252)
Compiled programmes.js  (0ms)  (pid 12252)
Compiled publisher-tabs.js  (0ms)  (pid 12252)
Compiled recently-viewed.js  (0ms)  (pid 12252)
Compiled search.js  (0ms)  (pid 12252)
Compiled selectivizr-min.js  (0ms)  (pid 12252)
Compiled trackers/answer.js  (0ms)  (pid 12252)
Compiled trackers/benefit.js  (0ms)  (pid 12252)
Compiled trackers/findmynearest.js  (0ms)  (pid 12252)
Compiled trackers/guide.js  (0ms)  (pid 12252)
Compiled trackers/local-transaction.js  (0ms)  (pid 12252)
Compiled trackers/transaction.js  (0ms)  (pid 12252)
Compiled application.css  (6ms)  (pid 12252)
Compiled accessibility.css  (0ms)  (pid 12252)
Compiled admin/jquery-ui-1.8.14.css  (0ms)  (pid 12252)
Compiled admin/jquery-ui-1.8.16.custom.css  (0ms)  (pid 12252)
Compiled core-admin.css  (0ms)  (pid 12252)
Compiled core-print.css  (0ms)  (pid 12252)
Compiled core.css  (0ms)  (pid 12252)
Compiled dyslexic.css  (0ms)  (pid 12252)
Compiled formtastic.css  (0ms)  (pid 12252)
Compiled formtastic_changes.css  (0ms)  (pid 12252)
Compiled header-footer.css  (0ms)  (pid 12252)
Compiled high-contrast.css  (0ms)  (pid 12252)
Compiled media-player/player-core.css  (0ms)  (pid 12252)
Compiled media-player/player-core.min.css  (0ms)  (pid 12252)
Compiled media-player/player-theme.css  (0ms)  (pid 12252)
Compiled media-player/player-theme.min.css  (0ms)  (pid 12252)
Compiled normalize.css  (0ms)  (pid 12252)
Compiled publisher.css  (0ms)  (pid 12252)
Compiled search.css  (0ms)  (pid 12252)
Compiled static-pages/error-pages.css  (0ms)  (pid 12252)
Compiled static-pages/help-pages.css  (0ms)  (pid 12252)
Compiled static-pages/homepage.css  (0ms)  (pid 12252)
Compiled static-pages/platform-pages.css  (0ms)  (pid 12252)
Compiled text.css  (0ms)  (pid 12252)
Compiled application.js  (6ms)  (pid 12238)
Compiled add_feedback_box.js  (0ms)  (pid 12238)
Compiled bookmark-bubble.js  (0ms)  (pid 12238)
Compiled core.js  (0ms)  (pid 12238)
Compiled customisation-settings.js  (0ms)  (pid 12238)
Compiled devolution.js  (0ms)  (pid 12238)
Compiled feedback.js  (0ms)  (pid 12238)
Compiled geo-locator.js  (0ms)  (pid 12238)
Compiled home-customisation.js  (0ms)  (pid 12238)
Compiled html5.js  (0ms)  (pid 12238)
Compiled jquery.history.js  (0ms)  (pid 12238)
Compiled jquery.tabs.js  (0ms)  (pid 12238)
Compiled libs/jquery/jquery-1.6.2.min.js  (0ms)  (pid 12238)
Compiled libs/jquery/jquery-ui-1.8.16.custom.min.js  (0ms)  (pid 12238)
Compiled libs/jquery/jquery_ujs.js  (0ms)  (pid 12238)
Compiled libs/jquery/plugins/jquery.base64.js  (0ms)  (pid 12238)
Compiled libs/jquery/plugins/jquery.mustache.js  (22ms)  (pid 12238)
Compiled media-player/jquery.loader.js  (0ms)  (pid 12238)
Compiled media-player/jquery.player.js  (0ms)  (pid 12238)
Compiled media-player/jquery.player.min.js  (0ms)  (pid 12238)
Compiled media-player/swfobject/swfobject.js  (0ms)  (pid 12238)
Compiled planner-calendar.js  (0ms)  (pid 12238)
Compiled popup.js  (0ms)  (pid 12238)
Compiled programmes.js  (0ms)  (pid 12238)
Compiled publisher-tabs.js  (0ms)  (pid 12238)
Compiled recently-viewed.js  (0ms)  (pid 12238)
Compiled search.js  (0ms)  (pid 12238)
Compiled selectivizr-min.js  (0ms)  (pid 12238)
Compiled trackers/answer.js  (0ms)  (pid 12238)
Compiled trackers/benefit.js  (0ms)  (pid 12238)
Compiled trackers/findmynearest.js  (0ms)  (pid 12238)
Compiled trackers/guide.js  (0ms)  (pid 12238)
Compiled trackers/local-transaction.js  (0ms)  (pid 12238)
Compiled trackers/transaction.js  (0ms)  (pid 12238)
Compiled application.css  (6ms)  (pid 12238)
Compiled accessibility.css  (0ms)  (pid 12238)
Compiled admin/jquery-ui-1.8.14.css  (0ms)  (pid 12238)
Compiled admin/jquery-ui-1.8.16.custom.css  (0ms)  (pid 12238)
Compiled core-admin.css  (0ms)  (pid 12238)
Compiled core-print.css  (0ms)  (pid 12238)
Compiled core.css  (0ms)  (pid 12238)
Compiled dyslexic.css  (0ms)  (pid 12238)
Compiled formtastic.css  (0ms)  (pid 12238)
Compiled formtastic_changes.css  (0ms)  (pid 12238)
Compiled header-footer.css  (0ms)  (pid 12238)
Compiled high-contrast.css  (0ms)  (pid 12238)
Compiled media-player/player-core.css  (0ms)  (pid 12238)
Compiled media-player/player-core.min.css  (0ms)  (pid 12238)
Compiled media-player/player-theme.css  (0ms)  (pid 12238)
Compiled media-player/player-theme.min.css  (0ms)  (pid 12238)
Compiled normalize.css  (0ms)  (pid 12238)
Compiled publisher.css  (0ms)  (pid 12238)
Compiled search.css  (0ms)  (pid 12238)
Compiled static-pages/error-pages.css  (0ms)  (pid 12238)
Compiled static-pages/help-pages.css  (0ms)  (pid 12238)
Compiled static-pages/homepage.css  (0ms)  (pid 12238)
Compiled static-pages/platform-pages.css  (0ms)  (pid 12238)
Compiled text.css  (0ms)  (pid 12238)
Compiled application.js  (0ms)  (pid 12877)
Compiled ie.js  (1ms)  (pid 12877)
Compiled html5.js  (0ms)  (pid 12877)
Compiled selectivizr-min.js  (0ms)  (pid 12877)
Compiled libs/jquery/jquery-1.6.2.min.js  (1ms)  (pid 12877)
Compiled application.css  (2ms)  (pid 12877)
Compiled admin/jquery-ui-1.8.14.css  (0ms)  (pid 12877)
Compiled normalize.css  (0ms)  (pid 12877)
Compiled core.css  (0ms)  (pid 12877)
Compiled application.js  (0ms)  (pid 12863)
Compiled ie.js  (1ms)  (pid 12863)
Compiled html5.js  (0ms)  (pid 12863)
Compiled selectivizr-min.js  (0ms)  (pid 12863)
Compiled libs/jquery/jquery-1.6.2.min.js  (1ms)  (pid 12863)
Compiled application.css  (2ms)  (pid 12863)
Compiled admin/jquery-ui-1.8.14.css  (0ms)  (pid 12863)
Compiled normalize.css  (0ms)  (pid 12863)
Compiled core.css  (0ms)  (pid 12863)
Compiled application.js  (4ms)  (pid 16156)
Compiled libs/jquery/jquery-ui-1.8.16.custom.min.js  (0ms)  (pid 16156)
Compiled libs/jquery/plugins/jquery.base64.js  (0ms)  (pid 16156)
Compiled search.js  (0ms)  (pid 16156)
Compiled devolution.js  (0ms)  (pid 16156)
Compiled popup.js  (0ms)  (pid 16156)
Compiled feedback.js  (0ms)  (pid 16156)
Compiled customisation-settings.js  (0ms)  (pid 16156)
Compiled ie.js  (1ms)  (pid 16156)
Compiled html5.js  (0ms)  (pid 16156)
Compiled selectivizr-min.js  (0ms)  (pid 16156)
Compiled libs/jquery/jquery-1.6.2.min.js  (1ms)  (pid 16156)
Compiled libs/jquery/plugins/jquery.mustache.js  (0ms)  (pid 16156)
Compiled admin.css  (2ms)  (pid 16156)
Compiled normalize.css  (0ms)  (pid 16156)
Compiled core-admin.css  (0ms)  (pid 16156)
Compiled admin/jquery-ui-1.8.14.css  (0ms)  (pid 16156)
Compiled application.css  (7ms)  (pid 16156)
Compiled core.css  (0ms)  (pid 16156)
Compiled header-footer.css  (0ms)  (pid 16156)
Compiled text.css  (0ms)  (pid 16156)
Compiled accessibility.css  (0ms)  (pid 16156)
Compiled search.css  (0ms)  (pid 16156)
Compiled publisher.css  (0ms)  (pid 16156)
Compiled static-pages/homepage.css  (2ms)  (pid 16156)
Compiled static-pages/error-pages.css  (0ms)  (pid 16156)
Compiled static-pages/help-pages.css  (0ms)  (pid 16156)
Compiled static-pages/platform-pages.css  (0ms)  (pid 16156)
Compiled dyslexic.css  (0ms)  (pid 16156)
Compiled high-contrast.css  (0ms)  (pid 16156)
Compiled application.js  (4ms)  (pid 16142)
Compiled libs/jquery/jquery-ui-1.8.16.custom.min.js  (0ms)  (pid 16142)
Compiled libs/jquery/plugins/jquery.base64.js  (0ms)  (pid 16142)
Compiled search.js  (0ms)  (pid 16142)
Compiled devolution.js  (0ms)  (pid 16142)
Compiled popup.js  (0ms)  (pid 16142)
Compiled feedback.js  (0ms)  (pid 16142)
Compiled customisation-settings.js  (0ms)  (pid 16142)
Compiled ie.js  (1ms)  (pid 16142)
Compiled html5.js  (0ms)  (pid 16142)
Compiled selectivizr-min.js  (0ms)  (pid 16142)
Compiled libs/jquery/jquery-1.6.2.min.js  (1ms)  (pid 16142)
Compiled libs/jquery/plugins/jquery.mustache.js  (0ms)  (pid 16142)
Compiled admin.css  (2ms)  (pid 16142)
Compiled normalize.css  (0ms)  (pid 16142)
Compiled core-admin.css  (0ms)  (pid 16142)
Compiled admin/jquery-ui-1.8.14.css  (0ms)  (pid 16142)
Compiled application.css  (7ms)  (pid 16142)
Compiled core.css  (0ms)  (pid 16142)
Compiled header-footer.css  (0ms)  (pid 16142)
Compiled text.css  (0ms)  (pid 16142)
Compiled accessibility.css  (0ms)  (pid 16142)
Compiled search.css  (0ms)  (pid 16142)
Compiled publisher.css  (0ms)  (pid 16142)
Compiled static-pages/homepage.css  (3ms)  (pid 16142)
Compiled static-pages/error-pages.css  (0ms)  (pid 16142)
Compiled static-pages/help-pages.css  (0ms)  (pid 16142)
Compiled static-pages/platform-pages.css  (0ms)  (pid 16142)
Compiled dyslexic.css  (0ms)  (pid 16142)
Compiled high-contrast.css  (0ms)  (pid 16142)
